<?xml version="1.0" encoding="UTF-8"?>
<!-- Generated by org.testng.reporters.JUnitReportReporter -->
<testsuite hostname="DESKTOP-Q73L441" failures="0" tests="1" name="driverFactory.AppTest" time="27.509" errors="0" timestamp="2024-09-13T12:01:08 IST" skipped="0">
  <testcase classname="driverFactory.AppTest" name="kickStart" time="27.509"/>
</testsuite> <!-- driverFactory.AppTest -->
