<?xml version="1.0" encoding="UTF-8"?>
<!-- Generated by org.testng.reporters.JUnitReportReporter -->
<testsuite hostname="DESKTOP-Q73L441" failures="0" tests="1" name="driverFactory.AppTest" time="358.488" errors="0" timestamp="2024-09-20T11:54:43 IST" skipped="0">
  <testcase classname="driverFactory.AppTest" name="kickStart" time="358.488">
    <system-out>
      <![CDATA[Stock-000002986     Stock-000002986
Supplier-00000005515      Supplier-00000005515
Customer-00000010498      Customer-00000010498]]>
    </system-out>
  </testcase> <!-- kickStart -->
  <system-out>
    <![CDATA[Stock-000002986     Stock-000002986
Supplier-00000005515      Supplier-00000005515
Customer-00000010498      Customer-00000010498]]>
  </system-out>
</testsuite> <!-- driverFactory.AppTest -->
